<?xml version="1.0" encoding="UTF-8"?>
<!-- Generated by org.testng.reporters.JUnitReportReporter -->
<testsuite hostname="DESKTOP-5A43L9P" name="testngloop.sample" tests="3" failures="0" timestamp="3 Sep 2016 16:30:14 GMT" time="0.008" errors="0">
  <testcase name="looptestcase" time="0.004" classname="testngloop.sample"/>
  <testcase name="looptestcase" time="0.002" classname="testngloop.sample"/>
  <testcase name="looptestcase" time="0.002" classname="testngloop.sample"/>
</testsuite> <!-- testngloop.sample -->
