<?xml version="1.0" encoding="UTF-8"?>
<!-- Generated by org.testng.reporters.JUnitReportReporter -->
<testsuite hostname="DESKTOP-5A43L9P" name="com.sample.frameworksetup.driver" tests="1" failures="0" timestamp="29 Oct 2016 20:24:05 GMT" time="0.009" errors="0">
  <testcase name="testing2" time="0.009" classname="com.sample.frameworksetup.driver"/>
</testsuite> <!-- com.sample.frameworksetup.driver -->
