<?xml version="1.0" encoding="UTF-8"?>
<!-- Generated by org.testng.reporters.JUnitReportReporter -->
<testsuite hostname="DESKTOP-5A43L9P" name="com.sample.frameworksetup.driver" tests="4" failures="0" timestamp="19 Oct 2016 03:28:07 GMT" time="0.006" errors="0">
  <testcase name="testing2" time="0.001" classname="com.sample.frameworksetup.driver"/>
  <testcase name="looptestcase" time="0.004" classname="com.sample.frameworksetup.driver"/>
  <testcase name="looptestcase" time="0.001" classname="com.sample.frameworksetup.driver"/>
  <testcase name="looptestcase" time="0.000" classname="com.sample.frameworksetup.driver"/>
</testsuite> <!-- com.sample.frameworksetup.driver -->
