<?xml version="1.0" encoding="UTF-8"?>
<!-- Generated by org.testng.reporters.JUnitReportReporter -->
<testsuite hostname="DESKTOP-5A43L9P" name="com.sample.frameworksetup.driverProgram" tests="2" failures="0" timestamp="30 Oct 2016 14:29:52 GMT" time="11.883" errors="0">
  <testcase name="testing3" time="5.402" classname="com.sample.frameworksetup.driverProgram"/>
  <testcase name="testing4" time="6.481" classname="com.sample.frameworksetup.driverProgram"/>
</testsuite> <!-- com.sample.frameworksetup.driverProgram -->
