<?xml version="1.0" encoding="UTF-8"?>
<!-- Generated by org.testng.reporters.JUnitReportReporter -->
<testsuite hostname="DESKTOP-5A43L9P" name="com.sample.frameworksetup.driver" tests="1" failures="0" timestamp="29 Oct 2016 20:49:35 GMT" time="0.005" errors="0">
  <testcase name="testing3" time="0.005" classname="com.sample.frameworksetup.driver"/>
</testsuite> <!-- com.sample.frameworksetup.driver -->
