<?xml version="1.0" encoding="UTF-8"?>
<!-- Generated by org.testng.reporters.JUnitReportReporter -->
<testsuite hostname="DESKTOP-5A43L9P" name="testngloop.driver" tests="4" failures="0" timestamp="19 Oct 2016 03:14:28 GMT" time="0.010" errors="0">
  <testcase name="testing2" time="0.002" classname="testngloop.driver"/>
  <testcase name="looptestcase" time="0.006" classname="testngloop.driver"/>
  <testcase name="looptestcase" time="0.001" classname="testngloop.driver"/>
  <testcase name="looptestcase" time="0.001" classname="testngloop.driver"/>
</testsuite> <!-- testngloop.driver -->
