<?xml version="1.0" encoding="UTF-8"?>
<!-- Generated by org.testng.reporters.JUnitReportReporter -->
<testsuite skipped="4" hostname="DESKTOP-DR87S7R" name="com.sample.frameworksetup.driverProgram" tests="5" failures="0" timestamp="20 Aug 2017 15:55:12 GMT" time="2.051" errors="0">
  <testcase name="countTestCases" time="2.051" classname="com.sample.frameworksetup.driverProgram"/>
  <testcase name="testing2" classname="com.sample.frameworksetup.driverProgram">
    <skipped/>
  </testcase> <!-- testing2 -->
  <testcase name="testing4" classname="com.sample.frameworksetup.driverProgram">
    <skipped/>
  </testcase> <!-- testing4 -->
  <testcase name="looptestcase" classname="com.sample.frameworksetup.driverProgram">
    <skipped/>
  </testcase> <!-- looptestcase -->
  <testcase name="testing3" classname="com.sample.frameworksetup.driverProgram">
    <skipped/>
  </testcase> <!-- testing3 -->
</testsuite> <!-- com.sample.frameworksetup.driverProgram -->
